<?xml version="1.0" encoding="UTF-8"?>
<testsuite xmlns:xsi="http://www.w3.org/2001/XMLSchema-instance" xsi:noNamespaceSchemaLocation="https://maven.apache.org/surefire/maven-surefire-plugin/xsd/surefire-test-report.xsd" name="com.ta.UserRestTest" time="1.356" tests="7" errors="0" skipped="0" failures="0">
  <properties>
[...]
</properties>
  <testcase name="getListUsersTest" classname="com.ta.UserRestTest" time="0.156"/>
  <testcase name="patchUpdateUserTest" classname="com.ta.UserRestTest" time="0.282"/>
  <testcase name="notFoundUserTest" classname="com.ta.UserRestTest" time="0.183"/>
  <testcase name="putUpdateUserTest" classname="com.ta.UserRestTest" time="0.192"/>
  <testcase name="createUserTest" classname="com.ta.UserRestTest" time="0.185"/>
  <testcase name="getUserTest" classname="com.ta.UserRestTest" time="0.147"/>
  <testcase name="deleteUserTest" classname="com.ta.UserRestTest" time="0.2"/>
</testsuite>